Analysis & Synthesis report for ControlUnit
Wed Mar 31 19:31:31 2021
Quartus Prime Version 20.1.1 Build 720 11/11/2020 SJ Lite Edition


---------------------
; Table of Contents ;
---------------------
  1. Legal Notice
  2. Analysis & Synthesis Summary
  3. Analysis & Synthesis Settings
  4. Parallel Compilation
  5. Analysis & Synthesis Source Files Read
  6. Analysis & Synthesis Resource Usage Summary
  7. Analysis & Synthesis Resource Utilization by Entity
  8. Registers Removed During Synthesis
  9. General Register Statistics
 10. Post-Synthesis Netlist Statistics for Top Partition
 11. Elapsed Time Per Partition
 12. Analysis & Synthesis Messages



----------------
; Legal Notice ;
----------------
Copyright (C) 2020  Intel Corporation. All rights reserved.
Your use of Intel Corporation's design tools, logic functions 
and other software and tools, and any partner logic 
functions, and any output files from any of the foregoing 
(including device programming or simulation files), and any 
associated documentation or information are expressly subject 
to the terms and conditions of the Intel Program License 
Subscription Agreement, the Intel Quartus Prime License Agreement,
the Intel FPGA IP License Agreement, or other applicable license
agreement, including, without limitation, that your use is for
the sole purpose of programming logic devices manufactured by
Intel and sold by Intel or its authorized distributors.  Please
refer to the applicable agreement for further details, at
https://fpgasoftware.intel.com/eula.



+----------------------------------------------------------------------------------+
; Analysis & Synthesis Summary                                                     ;
+------------------------------------+---------------------------------------------+
; Analysis & Synthesis Status        ; Successful - Wed Mar 31 19:31:31 2021       ;
; Quartus Prime Version              ; 20.1.1 Build 720 11/11/2020 SJ Lite Edition ;
; Revision Name                      ; ControlUnit                                 ;
; Top-level Entity Name              ; ControlUnit                                 ;
; Family                             ; MAX 10                                      ;
; Total logic elements               ; 11                                          ;
;     Total combinational functions  ; 11                                          ;
;     Dedicated logic registers      ; 1                                           ;
; Total registers                    ; 1                                           ;
; Total pins                         ; 134                                         ;
; Total virtual pins                 ; 0                                           ;
; Total memory bits                  ; 0                                           ;
; Embedded Multiplier 9-bit elements ; 0                                           ;
; Total PLLs                         ; 0                                           ;
; UFM blocks                         ; 0                                           ;
; ADC blocks                         ; 0                                           ;
+------------------------------------+---------------------------------------------+


+------------------------------------------------------------------------------------------------------------+
; Analysis & Synthesis Settings                                                                              ;
+------------------------------------------------------------------+--------------------+--------------------+
; Option                                                           ; Setting            ; Default Value      ;
+------------------------------------------------------------------+--------------------+--------------------+
; Device                                                           ; 10M08DAF484C8G     ;                    ;
; Top-level entity name                                            ; ControlUnit        ; ControlUnit        ;
; Family name                                                      ; MAX 10             ; Cyclone V          ;
; Use smart compilation                                            ; Off                ; Off                ;
; Enable parallel Assembler and Timing Analyzer during compilation ; On                 ; On                 ;
; Enable compact report table                                      ; Off                ; Off                ;
; Restructure Multiplexers                                         ; Auto               ; Auto               ;
; Create Debugging Nodes for IP Cores                              ; Off                ; Off                ;
; Preserve fewer node names                                        ; On                 ; On                 ;
; Intel FPGA IP Evaluation Mode                                    ; Enable             ; Enable             ;
; Verilog Version                                                  ; Verilog_2001       ; Verilog_2001       ;
; VHDL Version                                                     ; VHDL_1993          ; VHDL_1993          ;
; State Machine Processing                                         ; Auto               ; Auto               ;
; Safe State Machine                                               ; Off                ; Off                ;
; Extract Verilog State Machines                                   ; On                 ; On                 ;
; Extract VHDL State Machines                                      ; On                 ; On                 ;
; Ignore Verilog initial constructs                                ; Off                ; Off                ;
; Iteration limit for constant Verilog loops                       ; 5000               ; 5000               ;
; Iteration limit for non-constant Verilog loops                   ; 250                ; 250                ;
; Add Pass-Through Logic to Inferred RAMs                          ; On                 ; On                 ;
; Infer RAMs from Raw Logic                                        ; On                 ; On                 ;
; Parallel Synthesis                                               ; On                 ; On                 ;
; DSP Block Balancing                                              ; Auto               ; Auto               ;
; NOT Gate Push-Back                                               ; On                 ; On                 ;
; Power-Up Don't Care                                              ; On                 ; On                 ;
; Remove Redundant Logic Cells                                     ; Off                ; Off                ;
; Remove Duplicate Registers                                       ; On                 ; On                 ;
; Ignore CARRY Buffers                                             ; Off                ; Off                ;
; Ignore CASCADE Buffers                                           ; Off                ; Off                ;
; Ignore GLOBAL Buffers                                            ; Off                ; Off                ;
; Ignore ROW GLOBAL Buffers                                        ; Off                ; Off                ;
; Ignore LCELL Buffers                                             ; Off                ; Off                ;
; Ignore SOFT Buffers                                              ; On                 ; On                 ;
; Limit AHDL Integers to 32 Bits                                   ; Off                ; Off                ;
; Optimization Technique                                           ; Balanced           ; Balanced           ;
; Carry Chain Length                                               ; 70                 ; 70                 ;
; Auto Carry Chains                                                ; On                 ; On                 ;
; Auto Open-Drain Pins                                             ; On                 ; On                 ;
; Perform WYSIWYG Primitive Resynthesis                            ; Off                ; Off                ;
; Auto ROM Replacement                                             ; On                 ; On                 ;
; Auto RAM Replacement                                             ; On                 ; On                 ;
; Auto DSP Block Replacement                                       ; On                 ; On                 ;
; Auto Shift Register Replacement                                  ; Auto               ; Auto               ;
; Allow Shift Register Merging across Hierarchies                  ; Auto               ; Auto               ;
; Auto Clock Enable Replacement                                    ; On                 ; On                 ;
; Strict RAM Replacement                                           ; Off                ; Off                ;
; Allow Synchronous Control Signals                                ; On                 ; On                 ;
; Force Use of Synchronous Clear Signals                           ; Off                ; Off                ;
; Auto RAM Block Balancing                                         ; On                 ; On                 ;
; Auto RAM to Logic Cell Conversion                                ; Off                ; Off                ;
; Auto Resource Sharing                                            ; Off                ; Off                ;
; Allow Any RAM Size For Recognition                               ; Off                ; Off                ;
; Allow Any ROM Size For Recognition                               ; Off                ; Off                ;
; Allow Any Shift Register Size For Recognition                    ; Off                ; Off                ;
; Use LogicLock Constraints during Resource Balancing              ; On                 ; On                 ;
; Ignore translate_off and synthesis_off directives                ; Off                ; Off                ;
; Timing-Driven Synthesis                                          ; On                 ; On                 ;
; Report Parameter Settings                                        ; On                 ; On                 ;
; Report Source Assignments                                        ; On                 ; On                 ;
; Report Connectivity Checks                                       ; On                 ; On                 ;
; Ignore Maximum Fan-Out Assignments                               ; Off                ; Off                ;
; Synchronization Register Chain Length                            ; 2                  ; 2                  ;
; Power Optimization During Synthesis                              ; Normal compilation ; Normal compilation ;
; HDL message level                                                ; Level2             ; Level2             ;
; Suppress Register Optimization Related Messages                  ; Off                ; Off                ;
; Number of Removed Registers Reported in Synthesis Report         ; 5000               ; 5000               ;
; Number of Swept Nodes Reported in Synthesis Report               ; 5000               ; 5000               ;
; Number of Inverted Registers Reported in Synthesis Report        ; 100                ; 100                ;
; Clock MUX Protection                                             ; On                 ; On                 ;
; Auto Gated Clock Conversion                                      ; Off                ; Off                ;
; Block Design Naming                                              ; Auto               ; Auto               ;
; SDC constraint protection                                        ; Off                ; Off                ;
; Synthesis Effort                                                 ; Auto               ; Auto               ;
; Shift Register Replacement - Allow Asynchronous Clear Signal     ; On                 ; On                 ;
; Pre-Mapping Resynthesis Optimization                             ; Off                ; Off                ;
; Analysis & Synthesis Message Level                               ; Medium             ; Medium             ;
; Disable Register Merging Across Hierarchies                      ; Auto               ; Auto               ;
; Resource Aware Inference For Block RAM                           ; On                 ; On                 ;
+------------------------------------------------------------------+--------------------+--------------------+


+------------------------------------------+
; Parallel Compilation                     ;
+----------------------------+-------------+
; Processors                 ; Number      ;
+----------------------------+-------------+
; Number detected on machine ; 12          ;
; Maximum allowed            ; 6           ;
;                            ;             ;
; Average used               ; 1.00        ;
; Maximum used               ; 6           ;
;                            ;             ;
; Usage by Processor         ; % Time Used ;
;     Processor 1            ; 100.0%      ;
;     Processors 2-6         ;   0.0%      ;
+----------------------------+-------------+


+------------------------------------------------------------------------------------------------------------------------------------------------------------------------------+
; Analysis & Synthesis Source Files Read                                                                                                                                       ;
+----------------------------------+-----------------+------------------------+--------------------------------------------------------------------------------------+---------+
; File Name with User-Entered Path ; Used in Netlist ; File Type              ; File Name with Absolute Path                                                         ; Library ;
+----------------------------------+-----------------+------------------------+--------------------------------------------------------------------------------------+---------+
; ControlUnit.v                    ; yes             ; User Verilog HDL File  ; C:/Users/gdona/OneDrive/Documents/GitHub/CompArc/TopLevel/Control Unit/ControlUnit.v ;         ;
+----------------------------------+-----------------+------------------------+--------------------------------------------------------------------------------------+---------+


+----------------------------------------------------------------+
; Analysis & Synthesis Resource Usage Summary                    ;
+---------------------------------------------+------------------+
; Resource                                    ; Usage            ;
+---------------------------------------------+------------------+
; Estimated Total logic elements              ; 11               ;
;                                             ;                  ;
; Total combinational functions               ; 11               ;
; Logic element usage by number of LUT inputs ;                  ;
;     -- 4 input functions                    ; 11               ;
;     -- 3 input functions                    ; 0                ;
;     -- <=2 input functions                  ; 0                ;
;                                             ;                  ;
; Logic elements by mode                      ;                  ;
;     -- normal mode                          ; 11               ;
;     -- arithmetic mode                      ; 0                ;
;                                             ;                  ;
; Total registers                             ; 1                ;
;     -- Dedicated logic registers            ; 1                ;
;     -- I/O registers                        ; 0                ;
;                                             ;                  ;
; I/O pins                                    ; 134              ;
;                                             ;                  ;
; Embedded Multiplier 9-bit elements          ; 0                ;
;                                             ;                  ;
; Maximum fan-out node                        ; constant[2]~reg0 ;
; Maximum fan-out                             ; 16               ;
; Total fan-out                               ; 195              ;
; Average fan-out                             ; 0.70             ;
+---------------------------------------------+------------------+


+------------------------------------------------------------------------------------------------------------------------------------------------------------------------------------------------------------------------------------+
; Analysis & Synthesis Resource Utilization by Entity                                                                                                                                                                                ;
+----------------------------+---------------------+---------------------------+-------------+------------+--------------+---------+-----------+------+--------------+------------+---------------------+-------------+--------------+
; Compilation Hierarchy Node ; Combinational ALUTs ; Dedicated Logic Registers ; Memory Bits ; UFM Blocks ; DSP Elements ; DSP 9x9 ; DSP 18x18 ; Pins ; Virtual Pins ; ADC blocks ; Full Hierarchy Name ; Entity Name ; Library Name ;
+----------------------------+---------------------+---------------------------+-------------+------------+--------------+---------+-----------+------+--------------+------------+---------------------+-------------+--------------+
; |ControlUnit               ; 11 (11)             ; 1 (1)                     ; 0           ; 0          ; 0            ; 0       ; 0         ; 134  ; 0            ; 0          ; |ControlUnit        ; ControlUnit ; work         ;
+----------------------------+---------------------+---------------------------+-------------+------------+--------------+---------+-----------+------+--------------+------------+---------------------+-------------+--------------+
Note: For table entries with two numbers listed, the numbers in parentheses indicate the number of resources of the given type used by the specific entity alone. The numbers listed outside of parentheses indicate the total resources of the given type used by the specific entity and all of its sub-entities in the hierarchy.


+---------------------------------------------------------------------------------+
; Registers Removed During Synthesis                                              ;
+----------------------------------------+----------------------------------------+
; Register name                          ; Reason for Removal                     ;
+----------------------------------------+----------------------------------------+
; controlWord[15]~reg0                   ; Stuck at GND due to stuck port data_in ;
; controlWord[16]~reg0                   ; Stuck at GND due to stuck port data_in ;
; controlWord[17]~reg0                   ; Stuck at GND due to stuck port data_in ;
; controlWord[18]~reg0                   ; Stuck at GND due to stuck port data_in ;
; controlWord[19]~reg0                   ; Stuck at GND due to stuck port data_in ;
; constant[10]~reg0                      ; Merged with constant[0]~reg0           ;
; constant[11]~reg0                      ; Merged with constant[0]~reg0           ;
; constant[12]~reg0                      ; Merged with constant[0]~reg0           ;
; constant[13]~reg0                      ; Merged with constant[0]~reg0           ;
; constant[14]~reg0                      ; Merged with constant[0]~reg0           ;
; constant[15]~reg0                      ; Merged with constant[0]~reg0           ;
; constant[16]~reg0                      ; Merged with constant[0]~reg0           ;
; constant[17]~reg0                      ; Merged with constant[0]~reg0           ;
; constant[18]~reg0                      ; Merged with constant[0]~reg0           ;
; constant[19]~reg0                      ; Merged with constant[0]~reg0           ;
; constant[1]~reg0                       ; Merged with constant[0]~reg0           ;
; constant[20]~reg0                      ; Merged with constant[0]~reg0           ;
; constant[21]~reg0                      ; Merged with constant[0]~reg0           ;
; constant[22]~reg0                      ; Merged with constant[0]~reg0           ;
; constant[23]~reg0                      ; Merged with constant[0]~reg0           ;
; constant[24]~reg0                      ; Merged with constant[0]~reg0           ;
; constant[25]~reg0                      ; Merged with constant[0]~reg0           ;
; constant[26]~reg0                      ; Merged with constant[0]~reg0           ;
; constant[27]~reg0                      ; Merged with constant[0]~reg0           ;
; constant[28]~reg0                      ; Merged with constant[0]~reg0           ;
; constant[29]~reg0                      ; Merged with constant[0]~reg0           ;
; constant[30]~reg0                      ; Merged with constant[0]~reg0           ;
; constant[31]~reg0                      ; Merged with constant[0]~reg0           ;
; constant[32]~reg0                      ; Merged with constant[0]~reg0           ;
; constant[33]~reg0                      ; Merged with constant[0]~reg0           ;
; constant[34]~reg0                      ; Merged with constant[0]~reg0           ;
; constant[35]~reg0                      ; Merged with constant[0]~reg0           ;
; constant[36]~reg0                      ; Merged with constant[0]~reg0           ;
; constant[37]~reg0                      ; Merged with constant[0]~reg0           ;
; constant[38]~reg0                      ; Merged with constant[0]~reg0           ;
; constant[39]~reg0                      ; Merged with constant[0]~reg0           ;
; constant[3]~reg0                       ; Merged with constant[0]~reg0           ;
; constant[40]~reg0                      ; Merged with constant[0]~reg0           ;
; constant[41]~reg0                      ; Merged with constant[0]~reg0           ;
; constant[42]~reg0                      ; Merged with constant[0]~reg0           ;
; constant[43]~reg0                      ; Merged with constant[0]~reg0           ;
; constant[44]~reg0                      ; Merged with constant[0]~reg0           ;
; constant[45]~reg0                      ; Merged with constant[0]~reg0           ;
; constant[46]~reg0                      ; Merged with constant[0]~reg0           ;
; constant[47]~reg0                      ; Merged with constant[0]~reg0           ;
; constant[48]~reg0                      ; Merged with constant[0]~reg0           ;
; constant[49]~reg0                      ; Merged with constant[0]~reg0           ;
; constant[4]~reg0                       ; Merged with constant[0]~reg0           ;
; constant[50]~reg0                      ; Merged with constant[0]~reg0           ;
; constant[51]~reg0                      ; Merged with constant[0]~reg0           ;
; constant[52]~reg0                      ; Merged with constant[0]~reg0           ;
; constant[53]~reg0                      ; Merged with constant[0]~reg0           ;
; constant[54]~reg0                      ; Merged with constant[0]~reg0           ;
; constant[55]~reg0                      ; Merged with constant[0]~reg0           ;
; constant[56]~reg0                      ; Merged with constant[0]~reg0           ;
; constant[57]~reg0                      ; Merged with constant[0]~reg0           ;
; constant[58]~reg0                      ; Merged with constant[0]~reg0           ;
; constant[59]~reg0                      ; Merged with constant[0]~reg0           ;
; constant[60]~reg0                      ; Merged with constant[0]~reg0           ;
; constant[61]~reg0                      ; Merged with constant[0]~reg0           ;
; constant[62]~reg0                      ; Merged with constant[0]~reg0           ;
; constant[63]~reg0                      ; Merged with constant[0]~reg0           ;
; constant[7]~reg0                       ; Merged with constant[0]~reg0           ;
; constant[8]~reg0                       ; Merged with constant[0]~reg0           ;
; constant[9]~reg0                       ; Merged with constant[0]~reg0           ;
; controlWord[0]~reg0                    ; Merged with constant[0]~reg0           ;
; controlWord[10]~reg0                   ; Merged with constant[0]~reg0           ;
; controlWord[12]~reg0                   ; Merged with constant[0]~reg0           ;
; controlWord[13]~reg0                   ; Merged with constant[0]~reg0           ;
; controlWord[14]~reg0                   ; Merged with constant[0]~reg0           ;
; controlWord[25]~reg0                   ; Merged with constant[0]~reg0           ;
; controlWord[26]~reg0                   ; Merged with constant[0]~reg0           ;
; controlWord[28]~reg0                   ; Merged with constant[0]~reg0           ;
; controlWord[29]~reg0                   ; Merged with constant[0]~reg0           ;
; controlWord[2]~reg0                    ; Merged with constant[0]~reg0           ;
; controlWord[31]~reg0                   ; Merged with constant[0]~reg0           ;
; controlWord[4]~reg0                    ; Merged with constant[0]~reg0           ;
; controlWord[5]~reg0                    ; Merged with constant[0]~reg0           ;
; controlWord[7]~reg0                    ; Merged with constant[0]~reg0           ;
; controlWord[8]~reg0                    ; Merged with constant[0]~reg0           ;
; constant[5]~reg0                       ; Merged with constant[2]~reg0           ;
; constant[6]~reg0                       ; Merged with constant[2]~reg0           ;
; controlWord[11]~reg0                   ; Merged with constant[2]~reg0           ;
; controlWord[1]~reg0                    ; Merged with constant[2]~reg0           ;
; controlWord[20]~reg0                   ; Merged with constant[2]~reg0           ;
; controlWord[21]~reg0                   ; Merged with constant[2]~reg0           ;
; controlWord[22]~reg0                   ; Merged with constant[2]~reg0           ;
; controlWord[23]~reg0                   ; Merged with constant[2]~reg0           ;
; controlWord[24]~reg0                   ; Merged with constant[2]~reg0           ;
; controlWord[27]~reg0                   ; Merged with constant[2]~reg0           ;
; controlWord[30]~reg0                   ; Merged with constant[2]~reg0           ;
; controlWord[3]~reg0                    ; Merged with constant[2]~reg0           ;
; controlWord[6]~reg0                    ; Merged with constant[2]~reg0           ;
; controlWord[9]~reg0                    ; Merged with constant[2]~reg0           ;
; constant[0]~reg0                       ; Stuck at GND due to stuck port data_in ;
; Total Number of Removed Registers = 95 ;                                        ;
+----------------------------------------+----------------------------------------+


+------------------------------------------------------+
; General Register Statistics                          ;
+----------------------------------------------+-------+
; Statistic                                    ; Value ;
+----------------------------------------------+-------+
; Total registers                              ; 1     ;
; Number of registers using Synchronous Clear  ; 0     ;
; Number of registers using Synchronous Load   ; 0     ;
; Number of registers using Asynchronous Clear ; 0     ;
; Number of registers using Asynchronous Load  ; 0     ;
; Number of registers using Clock Enable       ; 0     ;
; Number of registers using Preset             ; 0     ;
+----------------------------------------------+-------+


+-----------------------------------------------------+
; Post-Synthesis Netlist Statistics for Top Partition ;
+-----------------------+-----------------------------+
; Type                  ; Count                       ;
+-----------------------+-----------------------------+
; boundary_port         ; 134                         ;
; cycloneiii_ff         ; 1                           ;
;     plain             ; 1                           ;
; cycloneiii_lcell_comb ; 12                          ;
;     normal            ; 12                          ;
;         0 data inputs ; 1                           ;
;         4 data inputs ; 11                          ;
;                       ;                             ;
; Max LUT depth         ; 3.00                        ;
; Average LUT depth     ; 2.79                        ;
+-----------------------+-----------------------------+


+-------------------------------+
; Elapsed Time Per Partition    ;
+----------------+--------------+
; Partition Name ; Elapsed Time ;
+----------------+--------------+
; Top            ; 00:00:00     ;
+----------------+--------------+


+-------------------------------+
; Analysis & Synthesis Messages ;
+-------------------------------+
Info: *******************************************************************
Info: Running Quartus Prime Analysis & Synthesis
    Info: Version 20.1.1 Build 720 11/11/2020 SJ Lite Edition
    Info: Processing started: Wed Mar 31 19:31:21 2021
Info: Command: quartus_map --read_settings_files=on --write_settings_files=off ControlUnit -c ControlUnit
Warning (18236): Number of processors has not been specified which may cause overloading on shared machines.  Set the global assignment NUM_PARALLEL_PROCESSORS in your QSF to an appropriate value for best performance.
Info (20030): Parallel compilation is enabled and will use 6 of the 6 processors detected
Info (12021): Found 1 design units, including 1 entities, in source file controlunit.v
    Info (12023): Found entity 1: ControlUnit File: C:/Users/gdona/OneDrive/Documents/GitHub/CompArc/TopLevel/Control Unit/ControlUnit.v Line: 1
Info (12021): Found 1 design units, including 1 entities, in source file controlunit_tb.v
    Info (12023): Found entity 1: ControlUnit_tb File: C:/Users/gdona/OneDrive/Documents/GitHub/CompArc/TopLevel/Control Unit/ControlUnit_tb.v Line: 2
Info (12127): Elaborating entity "ControlUnit" for the top level hierarchy
Warning (10762): Verilog HDL Case Statement warning at ControlUnit.v(33): can't check case statement for completeness because the case expression has too many possible states File: C:/Users/gdona/OneDrive/Documents/GitHub/CompArc/TopLevel/Control Unit/ControlUnit.v Line: 33
Warning (13024): Output pins are stuck at VCC or GND
    Warning (13410): Pin "constant[0]" is stuck at GND File: C:/Users/gdona/OneDrive/Documents/GitHub/CompArc/TopLevel/Control Unit/ControlUnit.v Line: 26
    Warning (13410): Pin "constant[1]" is stuck at GND File: C:/Users/gdona/OneDrive/Documents/GitHub/CompArc/TopLevel/Control Unit/ControlUnit.v Line: 26
    Warning (13410): Pin "constant[3]" is stuck at GND File: C:/Users/gdona/OneDrive/Documents/GitHub/CompArc/TopLevel/Control Unit/ControlUnit.v Line: 26
    Warning (13410): Pin "constant[4]" is stuck at GND File: C:/Users/gdona/OneDrive/Documents/GitHub/CompArc/TopLevel/Control Unit/ControlUnit.v Line: 26
    Warning (13410): Pin "constant[7]" is stuck at GND File: C:/Users/gdona/OneDrive/Documents/GitHub/CompArc/TopLevel/Control Unit/ControlUnit.v Line: 26
    Warning (13410): Pin "constant[8]" is stuck at GND File: C:/Users/gdona/OneDrive/Documents/GitHub/CompArc/TopLevel/Control Unit/ControlUnit.v Line: 26
    Warning (13410): Pin "constant[9]" is stuck at GND File: C:/Users/gdona/OneDrive/Documents/GitHub/CompArc/TopLevel/Control Unit/ControlUnit.v Line: 26
    Warning (13410): Pin "constant[10]" is stuck at GND File: C:/Users/gdona/OneDrive/Documents/GitHub/CompArc/TopLevel/Control Unit/ControlUnit.v Line: 26
    Warning (13410): Pin "constant[11]" is stuck at GND File: C:/Users/gdona/OneDrive/Documents/GitHub/CompArc/TopLevel/Control Unit/ControlUnit.v Line: 26
    Warning (13410): Pin "constant[12]" is stuck at GND File: C:/Users/gdona/OneDrive/Documents/GitHub/CompArc/TopLevel/Control Unit/ControlUnit.v Line: 26
    Warning (13410): Pin "constant[13]" is stuck at GND File: C:/Users/gdona/OneDrive/Documents/GitHub/CompArc/TopLevel/Control Unit/ControlUnit.v Line: 26
    Warning (13410): Pin "constant[14]" is stuck at GND File: C:/Users/gdona/OneDrive/Documents/GitHub/CompArc/TopLevel/Control Unit/ControlUnit.v Line: 26
    Warning (13410): Pin "constant[15]" is stuck at GND File: C:/Users/gdona/OneDrive/Documents/GitHub/CompArc/TopLevel/Control Unit/ControlUnit.v Line: 26
    Warning (13410): Pin "constant[16]" is stuck at GND File: C:/Users/gdona/OneDrive/Documents/GitHub/CompArc/TopLevel/Control Unit/ControlUnit.v Line: 26
    Warning (13410): Pin "constant[17]" is stuck at GND File: C:/Users/gdona/OneDrive/Documents/GitHub/CompArc/TopLevel/Control Unit/ControlUnit.v Line: 26
    Warning (13410): Pin "constant[18]" is stuck at GND File: C:/Users/gdona/OneDrive/Documents/GitHub/CompArc/TopLevel/Control Unit/ControlUnit.v Line: 26
    Warning (13410): Pin "constant[19]" is stuck at GND File: C:/Users/gdona/OneDrive/Documents/GitHub/CompArc/TopLevel/Control Unit/ControlUnit.v Line: 26
    Warning (13410): Pin "constant[20]" is stuck at GND File: C:/Users/gdona/OneDrive/Documents/GitHub/CompArc/TopLevel/Control Unit/ControlUnit.v Line: 26
    Warning (13410): Pin "constant[21]" is stuck at GND File: C:/Users/gdona/OneDrive/Documents/GitHub/CompArc/TopLevel/Control Unit/ControlUnit.v Line: 26
    Warning (13410): Pin "constant[22]" is stuck at GND File: C:/Users/gdona/OneDrive/Documents/GitHub/CompArc/TopLevel/Control Unit/ControlUnit.v Line: 26
    Warning (13410): Pin "constant[23]" is stuck at GND File: C:/Users/gdona/OneDrive/Documents/GitHub/CompArc/TopLevel/Control Unit/ControlUnit.v Line: 26
    Warning (13410): Pin "constant[24]" is stuck at GND File: C:/Users/gdona/OneDrive/Documents/GitHub/CompArc/TopLevel/Control Unit/ControlUnit.v Line: 26
    Warning (13410): Pin "constant[25]" is stuck at GND File: C:/Users/gdona/OneDrive/Documents/GitHub/CompArc/TopLevel/Control Unit/ControlUnit.v Line: 26
    Warning (13410): Pin "constant[26]" is stuck at GND File: C:/Users/gdona/OneDrive/Documents/GitHub/CompArc/TopLevel/Control Unit/ControlUnit.v Line: 26
    Warning (13410): Pin "constant[27]" is stuck at GND File: C:/Users/gdona/OneDrive/Documents/GitHub/CompArc/TopLevel/Control Unit/ControlUnit.v Line: 26
    Warning (13410): Pin "constant[28]" is stuck at GND File: C:/Users/gdona/OneDrive/Documents/GitHub/CompArc/TopLevel/Control Unit/ControlUnit.v Line: 26
    Warning (13410): Pin "constant[29]" is stuck at GND File: C:/Users/gdona/OneDrive/Documents/GitHub/CompArc/TopLevel/Control Unit/ControlUnit.v Line: 26
    Warning (13410): Pin "constant[30]" is stuck at GND File: C:/Users/gdona/OneDrive/Documents/GitHub/CompArc/TopLevel/Control Unit/ControlUnit.v Line: 26
    Warning (13410): Pin "constant[31]" is stuck at GND File: C:/Users/gdona/OneDrive/Documents/GitHub/CompArc/TopLevel/Control Unit/ControlUnit.v Line: 26
    Warning (13410): Pin "constant[32]" is stuck at GND File: C:/Users/gdona/OneDrive/Documents/GitHub/CompArc/TopLevel/Control Unit/ControlUnit.v Line: 26
    Warning (13410): Pin "constant[33]" is stuck at GND File: C:/Users/gdona/OneDrive/Documents/GitHub/CompArc/TopLevel/Control Unit/ControlUnit.v Line: 26
    Warning (13410): Pin "constant[34]" is stuck at GND File: C:/Users/gdona/OneDrive/Documents/GitHub/CompArc/TopLevel/Control Unit/ControlUnit.v Line: 26
    Warning (13410): Pin "constant[35]" is stuck at GND File: C:/Users/gdona/OneDrive/Documents/GitHub/CompArc/TopLevel/Control Unit/ControlUnit.v Line: 26
    Warning (13410): Pin "constant[36]" is stuck at GND File: C:/Users/gdona/OneDrive/Documents/GitHub/CompArc/TopLevel/Control Unit/ControlUnit.v Line: 26
    Warning (13410): Pin "constant[37]" is stuck at GND File: C:/Users/gdona/OneDrive/Documents/GitHub/CompArc/TopLevel/Control Unit/ControlUnit.v Line: 26
    Warning (13410): Pin "constant[38]" is stuck at GND File: C:/Users/gdona/OneDrive/Documents/GitHub/CompArc/TopLevel/Control Unit/ControlUnit.v Line: 26
    Warning (13410): Pin "constant[39]" is stuck at GND File: C:/Users/gdona/OneDrive/Documents/GitHub/CompArc/TopLevel/Control Unit/ControlUnit.v Line: 26
    Warning (13410): Pin "constant[40]" is stuck at GND File: C:/Users/gdona/OneDrive/Documents/GitHub/CompArc/TopLevel/Control Unit/ControlUnit.v Line: 26
    Warning (13410): Pin "constant[41]" is stuck at GND File: C:/Users/gdona/OneDrive/Documents/GitHub/CompArc/TopLevel/Control Unit/ControlUnit.v Line: 26
    Warning (13410): Pin "constant[42]" is stuck at GND File: C:/Users/gdona/OneDrive/Documents/GitHub/CompArc/TopLevel/Control Unit/ControlUnit.v Line: 26
    Warning (13410): Pin "constant[43]" is stuck at GND File: C:/Users/gdona/OneDrive/Documents/GitHub/CompArc/TopLevel/Control Unit/ControlUnit.v Line: 26
    Warning (13410): Pin "constant[44]" is stuck at GND File: C:/Users/gdona/OneDrive/Documents/GitHub/CompArc/TopLevel/Control Unit/ControlUnit.v Line: 26
    Warning (13410): Pin "constant[45]" is stuck at GND File: C:/Users/gdona/OneDrive/Documents/GitHub/CompArc/TopLevel/Control Unit/ControlUnit.v Line: 26
    Warning (13410): Pin "constant[46]" is stuck at GND File: C:/Users/gdona/OneDrive/Documents/GitHub/CompArc/TopLevel/Control Unit/ControlUnit.v Line: 26
    Warning (13410): Pin "constant[47]" is stuck at GND File: C:/Users/gdona/OneDrive/Documents/GitHub/CompArc/TopLevel/Control Unit/ControlUnit.v Line: 26
    Warning (13410): Pin "constant[48]" is stuck at GND File: C:/Users/gdona/OneDrive/Documents/GitHub/CompArc/TopLevel/Control Unit/ControlUnit.v Line: 26
    Warning (13410): Pin "constant[49]" is stuck at GND File: C:/Users/gdona/OneDrive/Documents/GitHub/CompArc/TopLevel/Control Unit/ControlUnit.v Line: 26
    Warning (13410): Pin "constant[50]" is stuck at GND File: C:/Users/gdona/OneDrive/Documents/GitHub/CompArc/TopLevel/Control Unit/ControlUnit.v Line: 26
    Warning (13410): Pin "constant[51]" is stuck at GND File: C:/Users/gdona/OneDrive/Documents/GitHub/CompArc/TopLevel/Control Unit/ControlUnit.v Line: 26
    Warning (13410): Pin "constant[52]" is stuck at GND File: C:/Users/gdona/OneDrive/Documents/GitHub/CompArc/TopLevel/Control Unit/ControlUnit.v Line: 26
    Warning (13410): Pin "constant[53]" is stuck at GND File: C:/Users/gdona/OneDrive/Documents/GitHub/CompArc/TopLevel/Control Unit/ControlUnit.v Line: 26
    Warning (13410): Pin "constant[54]" is stuck at GND File: C:/Users/gdona/OneDrive/Documents/GitHub/CompArc/TopLevel/Control Unit/ControlUnit.v Line: 26
    Warning (13410): Pin "constant[55]" is stuck at GND File: C:/Users/gdona/OneDrive/Documents/GitHub/CompArc/TopLevel/Control Unit/ControlUnit.v Line: 26
    Warning (13410): Pin "constant[56]" is stuck at GND File: C:/Users/gdona/OneDrive/Documents/GitHub/CompArc/TopLevel/Control Unit/ControlUnit.v Line: 26
    Warning (13410): Pin "constant[57]" is stuck at GND File: C:/Users/gdona/OneDrive/Documents/GitHub/CompArc/TopLevel/Control Unit/ControlUnit.v Line: 26
    Warning (13410): Pin "constant[58]" is stuck at GND File: C:/Users/gdona/OneDrive/Documents/GitHub/CompArc/TopLevel/Control Unit/ControlUnit.v Line: 26
    Warning (13410): Pin "constant[59]" is stuck at GND File: C:/Users/gdona/OneDrive/Documents/GitHub/CompArc/TopLevel/Control Unit/ControlUnit.v Line: 26
    Warning (13410): Pin "constant[60]" is stuck at GND File: C:/Users/gdona/OneDrive/Documents/GitHub/CompArc/TopLevel/Control Unit/ControlUnit.v Line: 26
    Warning (13410): Pin "constant[61]" is stuck at GND File: C:/Users/gdona/OneDrive/Documents/GitHub/CompArc/TopLevel/Control Unit/ControlUnit.v Line: 26
    Warning (13410): Pin "constant[62]" is stuck at GND File: C:/Users/gdona/OneDrive/Documents/GitHub/CompArc/TopLevel/Control Unit/ControlUnit.v Line: 26
    Warning (13410): Pin "constant[63]" is stuck at GND File: C:/Users/gdona/OneDrive/Documents/GitHub/CompArc/TopLevel/Control Unit/ControlUnit.v Line: 26
    Warning (13410): Pin "controlWord[0]" is stuck at GND File: C:/Users/gdona/OneDrive/Documents/GitHub/CompArc/TopLevel/Control Unit/ControlUnit.v Line: 26
    Warning (13410): Pin "controlWord[2]" is stuck at GND File: C:/Users/gdona/OneDrive/Documents/GitHub/CompArc/TopLevel/Control Unit/ControlUnit.v Line: 26
    Warning (13410): Pin "controlWord[4]" is stuck at GND File: C:/Users/gdona/OneDrive/Documents/GitHub/CompArc/TopLevel/Control Unit/ControlUnit.v Line: 26
    Warning (13410): Pin "controlWord[5]" is stuck at GND File: C:/Users/gdona/OneDrive/Documents/GitHub/CompArc/TopLevel/Control Unit/ControlUnit.v Line: 26
    Warning (13410): Pin "controlWord[7]" is stuck at GND File: C:/Users/gdona/OneDrive/Documents/GitHub/CompArc/TopLevel/Control Unit/ControlUnit.v Line: 26
    Warning (13410): Pin "controlWord[8]" is stuck at GND File: C:/Users/gdona/OneDrive/Documents/GitHub/CompArc/TopLevel/Control Unit/ControlUnit.v Line: 26
    Warning (13410): Pin "controlWord[10]" is stuck at GND File: C:/Users/gdona/OneDrive/Documents/GitHub/CompArc/TopLevel/Control Unit/ControlUnit.v Line: 26
    Warning (13410): Pin "controlWord[12]" is stuck at GND File: C:/Users/gdona/OneDrive/Documents/GitHub/CompArc/TopLevel/Control Unit/ControlUnit.v Line: 26
    Warning (13410): Pin "controlWord[13]" is stuck at GND File: C:/Users/gdona/OneDrive/Documents/GitHub/CompArc/TopLevel/Control Unit/ControlUnit.v Line: 26
    Warning (13410): Pin "controlWord[14]" is stuck at GND File: C:/Users/gdona/OneDrive/Documents/GitHub/CompArc/TopLevel/Control Unit/ControlUnit.v Line: 26
    Warning (13410): Pin "controlWord[15]" is stuck at GND File: C:/Users/gdona/OneDrive/Documents/GitHub/CompArc/TopLevel/Control Unit/ControlUnit.v Line: 26
    Warning (13410): Pin "controlWord[16]" is stuck at GND File: C:/Users/gdona/OneDrive/Documents/GitHub/CompArc/TopLevel/Control Unit/ControlUnit.v Line: 26
    Warning (13410): Pin "controlWord[17]" is stuck at GND File: C:/Users/gdona/OneDrive/Documents/GitHub/CompArc/TopLevel/Control Unit/ControlUnit.v Line: 26
    Warning (13410): Pin "controlWord[18]" is stuck at GND File: C:/Users/gdona/OneDrive/Documents/GitHub/CompArc/TopLevel/Control Unit/ControlUnit.v Line: 26
    Warning (13410): Pin "controlWord[19]" is stuck at GND File: C:/Users/gdona/OneDrive/Documents/GitHub/CompArc/TopLevel/Control Unit/ControlUnit.v Line: 26
    Warning (13410): Pin "controlWord[25]" is stuck at GND File: C:/Users/gdona/OneDrive/Documents/GitHub/CompArc/TopLevel/Control Unit/ControlUnit.v Line: 26
    Warning (13410): Pin "controlWord[26]" is stuck at GND File: C:/Users/gdona/OneDrive/Documents/GitHub/CompArc/TopLevel/Control Unit/ControlUnit.v Line: 26
    Warning (13410): Pin "controlWord[28]" is stuck at GND File: C:/Users/gdona/OneDrive/Documents/GitHub/CompArc/TopLevel/Control Unit/ControlUnit.v Line: 26
    Warning (13410): Pin "controlWord[29]" is stuck at GND File: C:/Users/gdona/OneDrive/Documents/GitHub/CompArc/TopLevel/Control Unit/ControlUnit.v Line: 26
    Warning (13410): Pin "controlWord[31]" is stuck at GND File: C:/Users/gdona/OneDrive/Documents/GitHub/CompArc/TopLevel/Control Unit/ControlUnit.v Line: 26
Info (286030): Timing-Driven Synthesis is running
Info (16010): Generating hard_block partition "hard_block:auto_generated_inst"
    Info (16011): Adding 0 node(s), including 0 DDIO, 0 PLL, 0 transceiver and 0 LCELL
Warning (21074): Design contains 4 input pin(s) that do not drive logic
    Warning (15610): No output dependent on input pin "status[0]" File: C:/Users/gdona/OneDrive/Documents/GitHub/CompArc/TopLevel/Control Unit/ControlUnit.v Line: 3
    Warning (15610): No output dependent on input pin "status[1]" File: C:/Users/gdona/OneDrive/Documents/GitHub/CompArc/TopLevel/Control Unit/ControlUnit.v Line: 3
    Warning (15610): No output dependent on input pin "status[2]" File: C:/Users/gdona/OneDrive/Documents/GitHub/CompArc/TopLevel/Control Unit/ControlUnit.v Line: 3
    Warning (15610): No output dependent on input pin "status[3]" File: C:/Users/gdona/OneDrive/Documents/GitHub/CompArc/TopLevel/Control Unit/ControlUnit.v Line: 3
Info (21057): Implemented 145 device resources after synthesis - the final resource count might be different
    Info (21058): Implemented 38 input pins
    Info (21059): Implemented 96 output pins
    Info (21061): Implemented 11 logic cells
Info: Quartus Prime Analysis & Synthesis was successful. 0 errors, 89 warnings
    Info: Peak virtual memory: 4780 megabytes
    Info: Processing ended: Wed Mar 31 19:31:31 2021
    Info: Elapsed time: 00:00:10
    Info: Total CPU time (on all processors): 00:00:23


