Analysis & Synthesis report for ALU
Tue Mar 02 12:42:03 2021
Quartus Prime Version 20.1.1 Build 720 11/11/2020 SJ Lite Edition


---------------------
; Table of Contents ;
---------------------
  1. Legal Notice
  2. Analysis & Synthesis Summary
  3. Analysis & Synthesis Settings
  4. Parallel Compilation
  5. Analysis & Synthesis Source Files Read
  6. Analysis & Synthesis Resource Usage Summary
  7. Analysis & Synthesis Resource Utilization by Entity
  8. General Register Statistics
  9. Multiplexer Restructuring Statistics (Restructuring Performed)
 10. Port Connectivity Checks: "addition64:sub1"
 11. Port Connectivity Checks: "addition64:add1"
 12. Port Connectivity Checks: "addition64:subB"
 13. Port Connectivity Checks: "addition64:subA"
 14. Port Connectivity Checks: "addition64:addCarry"
 15. Port Connectivity Checks: "addition64:add"
 16. Port Connectivity Checks: "invert64:invertj"
 17. Post-Synthesis Netlist Statistics for Top Partition
 18. Elapsed Time Per Partition
 19. Analysis & Synthesis Messages



----------------
; Legal Notice ;
----------------
Copyright (C) 2020  Intel Corporation. All rights reserved.
Your use of Intel Corporation's design tools, logic functions 
and other software and tools, and any partner logic 
functions, and any output files from any of the foregoing 
(including device programming or simulation files), and any 
associated documentation or information are expressly subject 
to the terms and conditions of the Intel Program License 
Subscription Agreement, the Intel Quartus Prime License Agreement,
the Intel FPGA IP License Agreement, or other applicable license
agreement, including, without limitation, that your use is for
the sole purpose of programming logic devices manufactured by
Intel and sold by Intel or its authorized distributors.  Please
refer to the applicable agreement for further details, at
https://fpgasoftware.intel.com/eula.



+----------------------------------------------------------------------------------+
; Analysis & Synthesis Summary                                                     ;
+------------------------------------+---------------------------------------------+
; Analysis & Synthesis Status        ; Successful - Tue Mar 02 12:42:03 2021       ;
; Quartus Prime Version              ; 20.1.1 Build 720 11/11/2020 SJ Lite Edition ;
; Revision Name                      ; ALU                                         ;
; Top-level Entity Name              ; ALU                                         ;
; Family                             ; MAX 10                                      ;
; Total logic elements               ; 742                                         ;
;     Total combinational functions  ; 742                                         ;
;     Dedicated logic registers      ; 0                                           ;
; Total registers                    ; 0                                           ;
; Total pins                         ; 198                                         ;
; Total virtual pins                 ; 0                                           ;
; Total memory bits                  ; 0                                           ;
; Embedded Multiplier 9-bit elements ; 0                                           ;
; Total PLLs                         ; 0                                           ;
; UFM blocks                         ; 0                                           ;
; ADC blocks                         ; 0                                           ;
+------------------------------------+---------------------------------------------+


+------------------------------------------------------------------------------------------------------------+
; Analysis & Synthesis Settings                                                                              ;
+------------------------------------------------------------------+--------------------+--------------------+
; Option                                                           ; Setting            ; Default Value      ;
+------------------------------------------------------------------+--------------------+--------------------+
; Device                                                           ; 10M08DAF484C8G     ;                    ;
; Top-level entity name                                            ; ALU                ; ALU                ;
; Family name                                                      ; MAX 10             ; Cyclone V          ;
; Use smart compilation                                            ; Off                ; Off                ;
; Enable parallel Assembler and Timing Analyzer during compilation ; On                 ; On                 ;
; Enable compact report table                                      ; Off                ; Off                ;
; Restructure Multiplexers                                         ; Auto               ; Auto               ;
; Create Debugging Nodes for IP Cores                              ; Off                ; Off                ;
; Preserve fewer node names                                        ; On                 ; On                 ;
; Intel FPGA IP Evaluation Mode                                    ; Enable             ; Enable             ;
; Verilog Version                                                  ; Verilog_2001       ; Verilog_2001       ;
; VHDL Version                                                     ; VHDL_1993          ; VHDL_1993          ;
; State Machine Processing                                         ; Auto               ; Auto               ;
; Safe State Machine                                               ; Off                ; Off                ;
; Extract Verilog State Machines                                   ; On                 ; On                 ;
; Extract VHDL State Machines                                      ; On                 ; On                 ;
; Ignore Verilog initial constructs                                ; Off                ; Off                ;
; Iteration limit for constant Verilog loops                       ; 5000               ; 5000               ;
; Iteration limit for non-constant Verilog loops                   ; 250                ; 250                ;
; Add Pass-Through Logic to Inferred RAMs                          ; On                 ; On                 ;
; Infer RAMs from Raw Logic                                        ; On                 ; On                 ;
; Parallel Synthesis                                               ; On                 ; On                 ;
; DSP Block Balancing                                              ; Auto               ; Auto               ;
; NOT Gate Push-Back                                               ; On                 ; On                 ;
; Power-Up Don't Care                                              ; On                 ; On                 ;
; Remove Redundant Logic Cells                                     ; Off                ; Off                ;
; Remove Duplicate Registers                                       ; On                 ; On                 ;
; Ignore CARRY Buffers                                             ; Off                ; Off                ;
; Ignore CASCADE Buffers                                           ; Off                ; Off                ;
; Ignore GLOBAL Buffers                                            ; Off                ; Off                ;
; Ignore ROW GLOBAL Buffers                                        ; Off                ; Off                ;
; Ignore LCELL Buffers                                             ; Off                ; Off                ;
; Ignore SOFT Buffers                                              ; On                 ; On                 ;
; Limit AHDL Integers to 32 Bits                                   ; Off                ; Off                ;
; Optimization Technique                                           ; Balanced           ; Balanced           ;
; Carry Chain Length                                               ; 70                 ; 70                 ;
; Auto Carry Chains                                                ; On                 ; On                 ;
; Auto Open-Drain Pins                                             ; On                 ; On                 ;
; Perform WYSIWYG Primitive Resynthesis                            ; Off                ; Off                ;
; Auto ROM Replacement                                             ; On                 ; On                 ;
; Auto RAM Replacement                                             ; On                 ; On                 ;
; Auto DSP Block Replacement                                       ; On                 ; On                 ;
; Auto Shift Register Replacement                                  ; Auto               ; Auto               ;
; Allow Shift Register Merging across Hierarchies                  ; Auto               ; Auto               ;
; Auto Clock Enable Replacement                                    ; On                 ; On                 ;
; Strict RAM Replacement                                           ; Off                ; Off                ;
; Allow Synchronous Control Signals                                ; On                 ; On                 ;
; Force Use of Synchronous Clear Signals                           ; Off                ; Off                ;
; Auto RAM Block Balancing                                         ; On                 ; On                 ;
; Auto RAM to Logic Cell Conversion                                ; Off                ; Off                ;
; Auto Resource Sharing                                            ; Off                ; Off                ;
; Allow Any RAM Size For Recognition                               ; Off                ; Off                ;
; Allow Any ROM Size For Recognition                               ; Off                ; Off                ;
; Allow Any Shift Register Size For Recognition                    ; Off                ; Off                ;
; Use LogicLock Constraints during Resource Balancing              ; On                 ; On                 ;
; Ignore translate_off and synthesis_off directives                ; Off                ; Off                ;
; Timing-Driven Synthesis                                          ; On                 ; On                 ;
; Report Parameter Settings                                        ; On                 ; On                 ;
; Report Source Assignments                                        ; On                 ; On                 ;
; Report Connectivity Checks                                       ; On                 ; On                 ;
; Ignore Maximum Fan-Out Assignments                               ; Off                ; Off                ;
; Synchronization Register Chain Length                            ; 2                  ; 2                  ;
; Power Optimization During Synthesis                              ; Normal compilation ; Normal compilation ;
; HDL message level                                                ; Level2             ; Level2             ;
; Suppress Register Optimization Related Messages                  ; Off                ; Off                ;
; Number of Removed Registers Reported in Synthesis Report         ; 5000               ; 5000               ;
; Number of Swept Nodes Reported in Synthesis Report               ; 5000               ; 5000               ;
; Number of Inverted Registers Reported in Synthesis Report        ; 100                ; 100                ;
; Clock MUX Protection                                             ; On                 ; On                 ;
; Auto Gated Clock Conversion                                      ; Off                ; Off                ;
; Block Design Naming                                              ; Auto               ; Auto               ;
; SDC constraint protection                                        ; Off                ; Off                ;
; Synthesis Effort                                                 ; Auto               ; Auto               ;
; Shift Register Replacement - Allow Asynchronous Clear Signal     ; On                 ; On                 ;
; Pre-Mapping Resynthesis Optimization                             ; Off                ; Off                ;
; Analysis & Synthesis Message Level                               ; Medium             ; Medium             ;
; Disable Register Merging Across Hierarchies                      ; Auto               ; Auto               ;
; Resource Aware Inference For Block RAM                           ; On                 ; On                 ;
+------------------------------------------------------------------+--------------------+--------------------+


+------------------------------------------+
; Parallel Compilation                     ;
+----------------------------+-------------+
; Processors                 ; Number      ;
+----------------------------+-------------+
; Number detected on machine ; 12          ;
; Maximum allowed            ; 6           ;
;                            ;             ;
; Average used               ; 1.00        ;
; Maximum used               ; 1           ;
;                            ;             ;
; Usage by Processor         ; % Time Used ;
;     Processor 1            ; 100.0%      ;
+----------------------------+-------------+


+------------------------------------------------------------------------------------------------------------------------------------------------------------+
; Analysis & Synthesis Source Files Read                                                                                                                     ;
+----------------------------------+-----------------+------------------------+--------------------------------------------------------------------+---------+
; File Name with User-Entered Path ; Used in Netlist ; File Type              ; File Name with Absolute Path                                       ; Library ;
+----------------------------------+-----------------+------------------------+--------------------------------------------------------------------+---------+
; and64.v                          ; yes             ; User Verilog HDL File  ; C:/Users/gdona/OneDrive/Documents/GitHub/CompArc/ALU/and64.v       ;         ;
; xor64.v                          ; yes             ; User Verilog HDL File  ; C:/Users/gdona/OneDrive/Documents/GitHub/CompArc/ALU/xor64.v       ;         ;
; or64.v                           ; yes             ; User Verilog HDL File  ; C:/Users/gdona/OneDrive/Documents/GitHub/CompArc/ALU/or64.v        ;         ;
; ALU.v                            ; yes             ; User Verilog HDL File  ; C:/Users/gdona/OneDrive/Documents/GitHub/CompArc/ALU/ALU.v         ;         ;
; addition64.v                     ; yes             ; User Verilog HDL File  ; C:/Users/gdona/OneDrive/Documents/GitHub/CompArc/ALU/addition64.v  ;         ;
; invert64.v                       ; yes             ; User Verilog HDL File  ; C:/Users/gdona/OneDrive/Documents/GitHub/CompArc/ALU/invert64.v    ;         ;
; shiftLeft1.v                     ; yes             ; User Verilog HDL File  ; C:/Users/gdona/OneDrive/Documents/GitHub/CompArc/ALU/shiftLeft1.v  ;         ;
; shiftRight1.v                    ; yes             ; User Verilog HDL File  ; C:/Users/gdona/OneDrive/Documents/GitHub/CompArc/ALU/shiftRight1.v ;         ;
+----------------------------------+-----------------+------------------------+--------------------------------------------------------------------+---------+


+-------------------------------------------------------------+
; Analysis & Synthesis Resource Usage Summary                 ;
+---------------------------------------------+---------------+
; Resource                                    ; Usage         ;
+---------------------------------------------+---------------+
; Estimated Total logic elements              ; 742           ;
;                                             ;               ;
; Total combinational functions               ; 742           ;
; Logic element usage by number of LUT inputs ;               ;
;     -- 4 input functions                    ; 450           ;
;     -- 3 input functions                    ; 197           ;
;     -- <=2 input functions                  ; 95            ;
;                                             ;               ;
; Logic elements by mode                      ;               ;
;     -- normal mode                          ; 678           ;
;     -- arithmetic mode                      ; 64            ;
;                                             ;               ;
; Total registers                             ; 0             ;
;     -- Dedicated logic registers            ; 0             ;
;     -- I/O registers                        ; 0             ;
;                                             ;               ;
; I/O pins                                    ; 198           ;
;                                             ;               ;
; Embedded Multiplier 9-bit elements          ; 0             ;
;                                             ;               ;
; Maximum fan-out node                        ; fsec[0]~input ;
; Maximum fan-out                             ; 263           ;
; Total fan-out                               ; 2843          ;
; Average fan-out                             ; 2.50          ;
+---------------------------------------------+---------------+


+------------------------------------------------------------------------------------------------------------------------------------------------------------------------------------------------------------------------------------+
; Analysis & Synthesis Resource Utilization by Entity                                                                                                                                                                                ;
+----------------------------+---------------------+---------------------------+-------------+------------+--------------+---------+-----------+------+--------------+------------+---------------------+-------------+--------------+
; Compilation Hierarchy Node ; Combinational ALUTs ; Dedicated Logic Registers ; Memory Bits ; UFM Blocks ; DSP Elements ; DSP 9x9 ; DSP 18x18 ; Pins ; Virtual Pins ; ADC blocks ; Full Hierarchy Name ; Entity Name ; Library Name ;
+----------------------------+---------------------+---------------------------+-------------+------------+--------------+---------+-----------+------+--------------+------------+---------------------+-------------+--------------+
; |ALU                       ; 742 (711)           ; 0 (0)                     ; 0           ; 0          ; 0            ; 0       ; 0         ; 198  ; 0            ; 0          ; |ALU                ; ALU         ; work         ;
;    |xor64:xorAB|           ; 31 (31)             ; 0 (0)                     ; 0           ; 0          ; 0            ; 0       ; 0         ; 0    ; 0            ; 0          ; |ALU|xor64:xorAB    ; xor64       ; work         ;
+----------------------------+---------------------+---------------------------+-------------+------------+--------------+---------+-----------+------+--------------+------------+---------------------+-------------+--------------+
Note: For table entries with two numbers listed, the numbers in parentheses indicate the number of resources of the given type used by the specific entity alone. The numbers listed outside of parentheses indicate the total resources of the given type used by the specific entity and all of its sub-entities in the hierarchy.


+------------------------------------------------------+
; General Register Statistics                          ;
+----------------------------------------------+-------+
; Statistic                                    ; Value ;
+----------------------------------------------+-------+
; Total registers                              ; 0     ;
; Number of registers using Synchronous Clear  ; 0     ;
; Number of registers using Synchronous Load   ; 0     ;
; Number of registers using Asynchronous Clear ; 0     ;
; Number of registers using Asynchronous Load  ; 0     ;
; Number of registers using Clock Enable       ; 0     ;
; Number of registers using Preset             ; 0     ;
+----------------------------------------------+-------+


+------------------------------------------------------------------------------------------------------------------------------------------+
; Multiplexer Restructuring Statistics (Restructuring Performed)                                                                           ;
+--------------------+-----------+---------------+----------------------+------------------------+------------+----------------------------+
; Multiplexer Inputs ; Bus Width ; Baseline Area ; Area if Restructured ; Saving if Restructured ; Registered ; Example Multiplexer Output ;
+--------------------+-----------+---------------+----------------------+------------------------+------------+----------------------------+
; 21:1               ; 62 bits   ; 868 LEs       ; 434 LEs              ; 434 LEs                ; No         ; |ALU|Mux15                 ;
; 4:1                ; 64 bits   ; 128 LEs       ; 64 LEs               ; 64 LEs                 ; No         ; |ALU|Add0                  ;
; 5:1                ; 64 bits   ; 192 LEs       ; 128 LEs              ; 64 LEs                 ; No         ; |ALU|Add0                  ;
+--------------------+-----------+---------------+----------------------+------------------------+------------+----------------------------+


+--------------------------------------------------------------------------------------------------------------------+
; Port Connectivity Checks: "addition64:sub1"                                                                        ;
+----------+--------+----------+-------------------------------------------------------------------------------------+
; Port     ; Type   ; Severity ; Details                                                                             ;
+----------+--------+----------+-------------------------------------------------------------------------------------+
; B[63..1] ; Input  ; Info     ; Stuck at GND                                                                        ;
; carry    ; Input  ; Info     ; Stuck at GND                                                                        ;
; out      ; Output ; Info     ; Connected to dangling logic. Logic that only feeds a dangling port will be removed. ;
+----------+--------+----------+-------------------------------------------------------------------------------------+


+--------------------------------------------------------------------------------------------------------------------+
; Port Connectivity Checks: "addition64:add1"                                                                        ;
+----------+--------+----------+-------------------------------------------------------------------------------------+
; Port     ; Type   ; Severity ; Details                                                                             ;
+----------+--------+----------+-------------------------------------------------------------------------------------+
; B[63..1] ; Input  ; Info     ; Stuck at GND                                                                        ;
; B[0]     ; Input  ; Info     ; Stuck at VCC                                                                        ;
; carry    ; Input  ; Info     ; Stuck at GND                                                                        ;
; out      ; Output ; Info     ; Connected to dangling logic. Logic that only feeds a dangling port will be removed. ;
+----------+--------+----------+-------------------------------------------------------------------------------------+


+---------------------------------------------+
; Port Connectivity Checks: "addition64:subB" ;
+-------+-------+----------+------------------+
; Port  ; Type  ; Severity ; Details          ;
+-------+-------+----------+------------------+
; carry ; Input ; Info     ; Stuck at GND     ;
+-------+-------+----------+------------------+


+---------------------------------------------+
; Port Connectivity Checks: "addition64:subA" ;
+-------+-------+----------+------------------+
; Port  ; Type  ; Severity ; Details          ;
+-------+-------+----------+------------------+
; carry ; Input ; Info     ; Stuck at GND     ;
+-------+-------+----------+------------------+


+----------------------------------------------------------------------------------------------------------------+
; Port Connectivity Checks: "addition64:addCarry"                                                                ;
+------+--------+----------+-------------------------------------------------------------------------------------+
; Port ; Type   ; Severity ; Details                                                                             ;
+------+--------+----------+-------------------------------------------------------------------------------------+
; out  ; Output ; Info     ; Connected to dangling logic. Logic that only feeds a dangling port will be removed. ;
+------+--------+----------+-------------------------------------------------------------------------------------+


+--------------------------------------------+
; Port Connectivity Checks: "addition64:add" ;
+-------+-------+----------+-----------------+
; Port  ; Type  ; Severity ; Details         ;
+-------+-------+----------+-----------------+
; carry ; Input ; Info     ; Stuck at GND    ;
+-------+-------+----------+-----------------+


+--------------------------------------------------------------------------------------------------------------------+
; Port Connectivity Checks: "invert64:invertj"                                                                       ;
+----------+--------+----------+-------------------------------------------------------------------------------------+
; Port     ; Type   ; Severity ; Details                                                                             ;
+----------+--------+----------+-------------------------------------------------------------------------------------+
; A[63..1] ; Input  ; Info     ; Stuck at GND                                                                        ;
; A[0]     ; Input  ; Info     ; Stuck at VCC                                                                        ;
; C[63..1] ; Output ; Info     ; Connected to dangling logic. Logic that only feeds a dangling port will be removed. ;
+----------+--------+----------+-------------------------------------------------------------------------------------+


+-----------------------------------------------------+
; Post-Synthesis Netlist Statistics for Top Partition ;
+-----------------------+-----------------------------+
; Type                  ; Count                       ;
+-----------------------+-----------------------------+
; boundary_port         ; 198                         ;
; cycloneiii_lcell_comb ; 742                         ;
;     arith             ; 64                          ;
;         3 data inputs ; 64                          ;
;     normal            ; 678                         ;
;         2 data inputs ; 95                          ;
;         3 data inputs ; 133                         ;
;         4 data inputs ; 450                         ;
;                       ;                             ;
; Max LUT depth         ; 11.40                       ;
; Average LUT depth     ; 7.09                        ;
+-----------------------+-----------------------------+


+-------------------------------+
; Elapsed Time Per Partition    ;
+----------------+--------------+
; Partition Name ; Elapsed Time ;
+----------------+--------------+
; Top            ; 00:00:03     ;
+----------------+--------------+


+-------------------------------+
; Analysis & Synthesis Messages ;
+-------------------------------+
Info: *******************************************************************
Info: Running Quartus Prime Analysis & Synthesis
    Info: Version 20.1.1 Build 720 11/11/2020 SJ Lite Edition
    Info: Processing started: Tue Mar 02 12:41:45 2021
Info: Command: quartus_map --read_settings_files=on --write_settings_files=off ALU -c ALU
Warning (18236): Number of processors has not been specified which may cause overloading on shared machines.  Set the global assignment NUM_PARALLEL_PROCESSORS in your QSF to an appropriate value for best performance.
Info (20030): Parallel compilation is enabled and will use 6 of the 6 processors detected
Info (12021): Found 1 design units, including 1 entities, in source file and64.v
    Info (12023): Found entity 1: and64 File: C:/Users/gdona/OneDrive/Documents/GitHub/CompArc/ALU/and64.v Line: 1
Info (12021): Found 1 design units, including 1 entities, in source file xor64.v
    Info (12023): Found entity 1: xor64 File: C:/Users/gdona/OneDrive/Documents/GitHub/CompArc/ALU/xor64.v Line: 1
Info (12021): Found 1 design units, including 1 entities, in source file or64.v
    Info (12023): Found entity 1: or64 File: C:/Users/gdona/OneDrive/Documents/GitHub/CompArc/ALU/or64.v Line: 1
Info (12021): Found 1 design units, including 1 entities, in source file alu.v
    Info (12023): Found entity 1: ALU File: C:/Users/gdona/OneDrive/Documents/GitHub/CompArc/ALU/ALU.v Line: 2
Info (12021): Found 1 design units, including 1 entities, in source file addition64.v
    Info (12023): Found entity 1: addition64 File: C:/Users/gdona/OneDrive/Documents/GitHub/CompArc/ALU/addition64.v Line: 1
Info (12021): Found 1 design units, including 1 entities, in source file invert64.v
    Info (12023): Found entity 1: invert64 File: C:/Users/gdona/OneDrive/Documents/GitHub/CompArc/ALU/invert64.v Line: 1
Info (12021): Found 1 design units, including 1 entities, in source file shiftleft1.v
    Info (12023): Found entity 1: shiftLeft1 File: C:/Users/gdona/OneDrive/Documents/GitHub/CompArc/ALU/shiftLeft1.v Line: 1
Info (12021): Found 1 design units, including 1 entities, in source file shiftright1.v
    Info (12023): Found entity 1: shiftRight1 File: C:/Users/gdona/OneDrive/Documents/GitHub/CompArc/ALU/shiftRight1.v Line: 1
Info (12021): Found 1 design units, including 1 entities, in source file alu_tb.v
    Info (12023): Found entity 1: ALU_tb File: C:/Users/gdona/OneDrive/Documents/GitHub/CompArc/ALU/ALU_tb.v Line: 3
Warning (10236): Verilog HDL Implicit Net warning at ALU.v(21): created implicit net for "jnot" File: C:/Users/gdona/OneDrive/Documents/GitHub/CompArc/ALU/ALU.v Line: 21
Info (12127): Elaborating entity "ALU" for the top level hierarchy
Info (12128): Elaborating entity "invert64" for hierarchy "invert64:invertA" File: C:/Users/gdona/OneDrive/Documents/GitHub/CompArc/ALU/ALU.v Line: 19
Info (12128): Elaborating entity "addition64" for hierarchy "addition64:add" File: C:/Users/gdona/OneDrive/Documents/GitHub/CompArc/ALU/ALU.v Line: 24
Warning (10036): Verilog HDL or VHDL warning at addition64.v(6): object "carry_out" assigned a value but never read File: C:/Users/gdona/OneDrive/Documents/GitHub/CompArc/ALU/addition64.v Line: 6
Info (12128): Elaborating entity "and64" for hierarchy "and64:andAB" File: C:/Users/gdona/OneDrive/Documents/GitHub/CompArc/ALU/ALU.v Line: 37
Info (12128): Elaborating entity "or64" for hierarchy "or64:orAB" File: C:/Users/gdona/OneDrive/Documents/GitHub/CompArc/ALU/ALU.v Line: 38
Info (12128): Elaborating entity "xor64" for hierarchy "xor64:xorAB" File: C:/Users/gdona/OneDrive/Documents/GitHub/CompArc/ALU/ALU.v Line: 39
Info (12128): Elaborating entity "shiftLeft1" for hierarchy "shiftLeft1:shiftAl" File: C:/Users/gdona/OneDrive/Documents/GitHub/CompArc/ALU/ALU.v Line: 43
Info (12128): Elaborating entity "shiftRight1" for hierarchy "shiftRight1:shiftAr" File: C:/Users/gdona/OneDrive/Documents/GitHub/CompArc/ALU/ALU.v Line: 44
Info (286030): Timing-Driven Synthesis is running
Info (16010): Generating hard_block partition "hard_block:auto_generated_inst"
    Info (16011): Adding 0 node(s), including 0 DDIO, 0 PLL, 0 transceiver and 0 LCELL
Info (21057): Implemented 940 device resources after synthesis - the final resource count might be different
    Info (21058): Implemented 134 input pins
    Info (21059): Implemented 64 output pins
    Info (21061): Implemented 742 logic cells
Info: Quartus Prime Analysis & Synthesis was successful. 0 errors, 3 warnings
    Info: Peak virtual memory: 4754 megabytes
    Info: Processing ended: Tue Mar 02 12:42:03 2021
    Info: Elapsed time: 00:00:18
    Info: Total CPU time (on all processors): 00:00:22


