Flow report for RegisterFile32x64
Tue Feb 16 12:26:05 2021
Quartus Prime Version 20.1.1 Build 720 11/11/2020 SJ Lite Edition


---------------------
; Table of Contents ;
---------------------
  1. Legal Notice
  2. Flow Summary
  3. Flow Settings
  4. Flow Non-Default Global Settings
  5. Flow Elapsed Time
  6. Flow OS Summary
  7. Flow Log
  8. Flow Messages
  9. Flow Suppressed Messages



----------------
; Legal Notice ;
----------------
Copyright (C) 2020  Intel Corporation. All rights reserved.
Your use of Intel Corporation's design tools, logic functions 
and other software and tools, and any partner logic 
functions, and any output files from any of the foregoing 
(including device programming or simulation files), and any 
associated documentation or information are expressly subject 
to the terms and conditions of the Intel Program License 
Subscription Agreement, the Intel Quartus Prime License Agreement,
the Intel FPGA IP License Agreement, or other applicable license
agreement, including, without limitation, that your use is for
the sole purpose of programming logic devices manufactured by
Intel and sold by Intel or its authorized distributors.  Please
refer to the applicable agreement for further details, at
https://fpgasoftware.intel.com/eula.



+----------------------------------------------------------------------------------+
; Flow Summary                                                                     ;
+------------------------------------+---------------------------------------------+
; Flow Status                        ; Successful - Tue Feb 16 12:26:05 2021       ;
; Quartus Prime Version              ; 20.1.1 Build 720 11/11/2020 SJ Lite Edition ;
; Revision Name                      ; RegisterFile32x64                           ;
; Top-level Entity Name              ; RegisterFile32x64a                          ;
; Family                             ; MAX 10                                      ;
; Device                             ; 10M50DAF484C6GES                            ;
; Timing Models                      ; Preliminary                                 ;
; Total logic elements               ; 2,729 / 49,760 ( 5 % )                      ;
;     Total combinational functions  ; 2,729 / 49,760 ( 5 % )                      ;
;     Dedicated logic registers      ; 2,048 / 49,760 ( 4 % )                      ;
; Total registers                    ; 2048                                        ;
; Total pins                         ; 209 / 360 ( 58 % )                          ;
; Total virtual pins                 ; 0                                           ;
; Total memory bits                  ; 0 / 1,677,312 ( 0 % )                       ;
; Embedded Multiplier 9-bit elements ; 0 / 288 ( 0 % )                             ;
; Total PLLs                         ; 0 / 4 ( 0 % )                               ;
; UFM blocks                         ; 0 / 1 ( 0 % )                               ;
; ADC blocks                         ; 0 / 2 ( 0 % )                               ;
+------------------------------------+---------------------------------------------+


+-----------------------------------------+
; Flow Settings                           ;
+-------------------+---------------------+
; Option            ; Setting             ;
+-------------------+---------------------+
; Start date & time ; 02/16/2021 12:25:11 ;
; Main task         ; Compilation         ;
; Revision Name     ; RegisterFile32x64   ;
+-------------------+---------------------+


+----------------------------------------------------------------------------------------------------------------------------------------+
; Flow Non-Default Global Settings                                                                                                       ;
+-------------------------------------+----------------------------------------+-------------------+--------------------+----------------+
; Assignment Name                     ; Value                                  ; Default Value     ; Entity Name        ; Section Id     ;
+-------------------------------------+----------------------------------------+-------------------+--------------------+----------------+
; COMPILER_SIGNATURE_ID               ; 929340916809.161349631118900           ; --                ; --                 ; --             ;
; EDA_OUTPUT_DATA_FORMAT              ; Verilog Hdl                            ; --                ; --                 ; eda_simulation ;
; EDA_SIMULATION_TOOL                 ; ModelSim-Altera (Verilog)              ; <None>            ; --                 ; --             ;
; EDA_TIME_SCALE                      ; 1 ps                                   ; --                ; --                 ; eda_simulation ;
; MAX_CORE_JUNCTION_TEMP              ; 85                                     ; --                ; --                 ; --             ;
; MIN_CORE_JUNCTION_TEMP              ; 0                                      ; --                ; --                 ; --             ;
; PARTITION_COLOR                     ; -- (Not supported for targeted family) ; --                ; RegisterFile32x64a ; Top            ;
; PARTITION_FITTER_PRESERVATION_LEVEL ; -- (Not supported for targeted family) ; --                ; RegisterFile32x64a ; Top            ;
; PARTITION_NETLIST_TYPE              ; -- (Not supported for targeted family) ; --                ; RegisterFile32x64a ; Top            ;
; POWER_BOARD_THERMAL_MODEL           ; None (CONSERVATIVE)                    ; --                ; --                 ; --             ;
; POWER_PRESET_COOLING_SOLUTION       ; 23 MM HEAT SINK WITH 200 LFPM AIRFLOW  ; --                ; --                 ; --             ;
; PROJECT_OUTPUT_DIRECTORY            ; output_files                           ; --                ; --                 ; --             ;
; TOP_LEVEL_ENTITY                    ; RegisterFile32x64a                     ; RegisterFile32x64 ; --                 ; --             ;
+-------------------------------------+----------------------------------------+-------------------+--------------------+----------------+


+--------------------------------------------------------------------------------------------------------------------------+
; Flow Elapsed Time                                                                                                        ;
+----------------------+--------------+-------------------------+---------------------+------------------------------------+
; Module Name          ; Elapsed Time ; Average Processors Used ; Peak Virtual Memory ; Total CPU Time (on all processors) ;
+----------------------+--------------+-------------------------+---------------------+------------------------------------+
; Analysis & Synthesis ; 00:00:11     ; 1.0                     ; 4780 MB             ; 00:00:22                           ;
; Fitter               ; 00:00:29     ; 1.5                     ; 5824 MB             ; 00:00:48                           ;
; Assembler            ; 00:00:03     ; 1.0                     ; 4706 MB             ; 00:00:03                           ;
; Timing Analyzer      ; 00:00:04     ; 2.6                     ; 4871 MB             ; 00:00:11                           ;
; EDA Netlist Writer   ; 00:00:01     ; 1.0                     ; 4682 MB             ; 00:00:01                           ;
; Total                ; 00:00:48     ; --                      ; --                  ; 00:01:25                           ;
+----------------------+--------------+-------------------------+---------------------+------------------------------------+


+------------------------------------------------------------------------------------+
; Flow OS Summary                                                                    ;
+----------------------+------------------+------------+------------+----------------+
; Module Name          ; Machine Hostname ; OS Name    ; OS Version ; Processor type ;
+----------------------+------------------+------------+------------+----------------+
; Analysis & Synthesis ; MSI              ; Windows 10 ; 10.0       ; x86_64         ;
; Fitter               ; MSI              ; Windows 10 ; 10.0       ; x86_64         ;
; Assembler            ; MSI              ; Windows 10 ; 10.0       ; x86_64         ;
; Timing Analyzer      ; MSI              ; Windows 10 ; 10.0       ; x86_64         ;
; EDA Netlist Writer   ; MSI              ; Windows 10 ; 10.0       ; x86_64         ;
+----------------------+------------------+------------+------------+----------------+


------------
; Flow Log ;
------------
quartus_map --read_settings_files=on --write_settings_files=off RegisterFile32x64 -c RegisterFile32x64
quartus_fit --read_settings_files=off --write_settings_files=off RegisterFile32x64 -c RegisterFile32x64
quartus_asm --read_settings_files=off --write_settings_files=off RegisterFile32x64 -c RegisterFile32x64
quartus_sta RegisterFile32x64 -c RegisterFile32x64
quartus_eda --read_settings_files=off --write_settings_files=off RegisterFile32x64 -c RegisterFile32x64



